Using pre-set license
Built from '2020.2/release' branch; Version is '2020.2.2f1 (068178b99f32) revision 426360'; Using compiler version '192528614'; Build Type 'Release'
OS: 'Windows 10 Home; OS build 19041.928; Version 2004; 64bit' Language: 'en' Physical Memory: 16263 MB
BatchMode: 1, IsHumanControllingUs: 0, StartBugReporterOnCrash: 0, Is64bit: 1, IsPro: 0

 COMMAND LINE ARGUMENTS:
C:\Program Files\Unity\Hub\Editor\2020.2.2f1\Editor\Unity.exe
-adb2
-batchMode
-noUpm
-name
AssetImportWorker0
-projectPath
C:/Users/liamh/Documents/GitHub/comp2007SetXercise/comp2007 to make a chest
-logFile
Logs/AssetImportWorker0.log
-srvPort
52874
Successfully changed project path to: C:/Users/liamh/Documents/GitHub/comp2007SetXercise/comp2007 to make a chest
C:/Users/liamh/Documents/GitHub/comp2007SetXercise/comp2007 to make a chest
Using Asset Import Pipeline V2.
Refreshing native plugins compatible for Editor in 24.42 ms, found 0 plugins.
Preloading 0 native plugins for Editor in 0.00 ms.
Initialize engine version: 2020.2.2f1 (068178b99f32)
[Subsystems] Discovering subsystems at path C:/Program Files/Unity/Hub/Editor/2020.2.2f1/Editor/Data/Resources/UnitySubsystems
[Subsystems] Discovering subsystems at path C:/Users/liamh/Documents/GitHub/comp2007SetXercise/comp2007 to make a chest/Assets
GfxDevice: creating device client; threaded=0
Direct3D:
    Version:  Direct3D 11.0 [level 11.1]
    Renderer: NVIDIA GeForce GTX 1070 (ID=0x1b81)
    Vendor:   
    VRAM:     8088 MB
    Driver:   27.21.14.6589
Initialize mono
Mono path[0] = 'C:/Program Files/Unity/Hub/Editor/2020.2.2f1/Editor/Data/Managed'
Mono path[1] = 'C:/Program Files/Unity/Hub/Editor/2020.2.2f1/Editor/Data/MonoBleedingEdge/lib/mono/unityjit'
Mono config path = 'C:/Program Files/Unity/Hub/Editor/2020.2.2f1/Editor/Data/MonoBleedingEdge/etc'
Using monoOptions --debugger-agent=transport=dt_socket,embedding=1,server=y,suspend=n,address=127.0.0.1:56088
Begin MonoManager ReloadAssembly
Registering precompiled unity dll's ...
Register platform support module: C:/Program Files/Unity/Hub/Editor/2020.2.2f1/Editor/Data/PlaybackEngines/WindowsStandaloneSupport/UnityEditor.WindowsStandalone.Extensions.dll
Registered in 0.001771 seconds.
Native extension for WindowsStandalone target not found
Refreshing native plugins compatible for Editor in 24.04 ms, found 0 plugins.
Preloading 0 native plugins for Editor in 0.00 ms.
Invoked RoslynAnalysisRunner static constructor.
RoslynAnalysisRunner will not be running.
RoslynAnalysisRunner has terminated.
Mono: successfully reloaded assembly
- Completed reload, in  0.968 seconds
Platform modules already initialized, skipping
Registering precompiled user dll's ...
Registered in 0.000647 seconds.
Begin MonoManager ReloadAssembly
Native extension for WindowsStandalone target not found
Refreshing native plugins compatible for Editor in 0.24 ms, found 0 plugins.
Preloading 0 native plugins for Editor in 0.00 ms.
Invoked RoslynAnalysisRunner static constructor.
RoslynAnalysisRunner will not be running.
RoslynAnalysisRunner has terminated.
Mono: successfully reloaded assembly
- Completed reload, in  0.787 seconds
Platform modules already initialized, skipping
========================================================================
Worker process is ready to serve import requests
Launched and connected shader compiler UnityShaderCompiler.exe after 0.04 seconds
Refreshing native plugins compatible for Editor in 0.38 ms, found 0 plugins.
Preloading 0 native plugins for Editor in 0.00 ms.
Unloading 1452 Unused Serialized files (Serialized files now loaded: 0)
System memory in use before: 85.0 MB.
System memory in use after: 85.0 MB.

Unloading 66 unused Assets to reduce memory usage. Loaded Objects now: 1910.
Total: 2.858400 ms (FindLiveObjects: 0.199400 ms CreateObjectMapping: 0.118900 ms MarkObjects: 2.367300 ms  DeleteObjects: 0.171700 ms)

========================================================================
Received Import Request.
  path: Assets/Scenes/sound.unity
  artifactKey: Guid(083a851c77531744a855359a447d4e8c) Importer(815301076,1909f56bfc062723c751e8b465ee728b)
Start importing Assets/Scenes/sound.unity using Guid(083a851c77531744a855359a447d4e8c) Importer(815301076,1909f56bfc062723c751e8b465ee728b)  -> (artifact id: 'f6d1e8410d106b0ef6d7ab90e6ac5634') in 0.011829 seconds
  Import took 0.014025 seconds .

========================================================================
Received Import Request.
  Time since last request: 0.000251 seconds.
  path: Assets/Scenes/ui.unity
  artifactKey: Guid(56a55eac0e634f04fabd80e706275092) Importer(815301076,1909f56bfc062723c751e8b465ee728b)
Start importing Assets/Scenes/ui.unity using Guid(56a55eac0e634f04fabd80e706275092) Importer(815301076,1909f56bfc062723c751e8b465ee728b)  -> (artifact id: '4ecd662e6c85bda14a544b65373a55fa') in 0.006403 seconds
  Import took 0.008355 seconds .

========================================================================
Received Prepare
Registering precompiled user dll's ...
Registered in 0.000616 seconds.
Begin MonoManager ReloadAssembly
Native extension for WindowsStandalone target not found
Refreshing native plugins compatible for Editor in 0.25 ms, found 0 plugins.
Preloading 0 native plugins for Editor in 0.00 ms.
Invoked RoslynAnalysisRunner static constructor.
RoslynAnalysisRunner will not be running.
RoslynAnalysisRunner has terminated.
Mono: successfully reloaded assembly
- Completed reload, in  0.763 seconds
Platform modules already initialized, skipping
Refreshing native plugins compatible for Editor in 0.24 ms, found 0 plugins.
Preloading 0 native plugins for Editor in 0.00 ms.
Unloading 1423 Unused Serialized files (Serialized files now loaded: 0)
System memory in use before: 83.4 MB.
System memory in use after: 83.5 MB.

Unloading 61 unused Assets to reduce memory usage. Loaded Objects now: 1912.
Total: 1.734400 ms (FindLiveObjects: 0.150300 ms CreateObjectMapping: 0.033800 ms MarkObjects: 1.474800 ms  DeleteObjects: 0.074700 ms)

========================================================================
Received Prepare
Registering precompiled user dll's ...
Registered in 0.000617 seconds.
Begin MonoManager ReloadAssembly
Native extension for WindowsStandalone target not found
Refreshing native plugins compatible for Editor in 0.23 ms, found 0 plugins.
Preloading 0 native plugins for Editor in 0.00 ms.
Invoked RoslynAnalysisRunner static constructor.
RoslynAnalysisRunner will not be running.
RoslynAnalysisRunner has terminated.
Mono: successfully reloaded assembly
- Completed reload, in  0.745 seconds
Platform modules already initialized, skipping
Refreshing native plugins compatible for Editor in 0.24 ms, found 0 plugins.
Preloading 0 native plugins for Editor in 0.00 ms.
Unloading 1423 Unused Serialized files (Serialized files now loaded: 0)
System memory in use before: 84.3 MB.
System memory in use after: 84.4 MB.

Unloading 61 unused Assets to reduce memory usage. Loaded Objects now: 1914.
Total: 2.058500 ms (FindLiveObjects: 0.187500 ms CreateObjectMapping: 0.052300 ms MarkObjects: 1.744500 ms  DeleteObjects: 0.073200 ms)

========================================================================
Received Import Request.
  Time since last request: 446.479444 seconds.
  path: Assets/ProBuilder Data
  artifactKey: Guid(86c2638c5d92d03429227fde523a8c14) Importer(815301076,1909f56bfc062723c751e8b465ee728b)
Start importing Assets/ProBuilder Data using Guid(86c2638c5d92d03429227fde523a8c14) Importer(815301076,1909f56bfc062723c751e8b465ee728b)  -> (artifact id: 'a48af6162da0f62c9c6c142caf01b971') in 0.008968 seconds
  Import took 0.011257 seconds .

========================================================================
Received Prepare
Registering precompiled user dll's ...
Registered in 0.000659 seconds.
Begin MonoManager ReloadAssembly
Native extension for WindowsStandalone target not found
Refreshing native plugins compatible for Editor in 0.23 ms, found 0 plugins.
Preloading 0 native plugins for Editor in 0.00 ms.
Invoked RoslynAnalysisRunner static constructor.
RoslynAnalysisRunner will not be running.
RoslynAnalysisRunner has terminated.
Mono: successfully reloaded assembly
- Completed reload, in  0.741 seconds
Platform modules already initialized, skipping
Refreshing native plugins compatible for Editor in 0.24 ms, found 0 plugins.
Preloading 0 native plugins for Editor in 0.00 ms.
Unloading 1423 Unused Serialized files (Serialized files now loaded: 0)
System memory in use before: 84.5 MB.
System memory in use after: 84.6 MB.

Unloading 61 unused Assets to reduce memory usage. Loaded Objects now: 1916.
Total: 2.208200 ms (FindLiveObjects: 0.197000 ms CreateObjectMapping: 0.046800 ms MarkObjects: 1.885600 ms  DeleteObjects: 0.077700 ms)

========================================================================
Received Import Request.
  Time since last request: 4734.843815 seconds.
  path: Packages/com.unity.probuilder/package.json
  artifactKey: Guid(7958ca6fdf895ca498c5fab155f0b0f1) Importer(815301076,1909f56bfc062723c751e8b465ee728b)
Start importing Packages/com.unity.probuilder/package.json using Guid(7958ca6fdf895ca498c5fab155f0b0f1) Importer(815301076,1909f56bfc062723c751e8b465ee728b)  -> (artifact id: '1f616b2a28afce1066223ffde495a43a') in 0.040914 seconds
  Import took 0.043365 seconds .

========================================================================
Received Import Request.
  Time since last request: 3.006824 seconds.
  path: Packages/com.unity.ugui/package.json
  artifactKey: Guid(319b8889f363f5947acf209c17a94149) Importer(815301076,1909f56bfc062723c751e8b465ee728b)
Start importing Packages/com.unity.ugui/package.json using Guid(319b8889f363f5947acf209c17a94149) Importer(815301076,1909f56bfc062723c751e8b465ee728b)  -> (artifact id: '2fc64036ad5d57fb88727d9272b78daf') in 0.007580 seconds
  Import took 0.009680 seconds .

========================================================================
Received Import Request.
  Time since last request: 0.432607 seconds.
  path: Packages/com.unity.ide.visualstudio/package.json
  artifactKey: Guid(656f74f6edaa396458412b9e3903d8cd) Importer(815301076,1909f56bfc062723c751e8b465ee728b)
Start importing Packages/com.unity.ide.visualstudio/package.json using Guid(656f74f6edaa396458412b9e3903d8cd) Importer(815301076,1909f56bfc062723c751e8b465ee728b)  -> (artifact id: '00c1264bb45a1442a3a54caef0b1a380') in 0.007122 seconds
  Import took 0.009174 seconds .

========================================================================
Received Import Request.
  Time since last request: 2.388944 seconds.
  path: Packages/com.unity.ide.vscode/package.json
  artifactKey: Guid(ffc6271f08270b64ca0aae9c49235d81) Importer(815301076,1909f56bfc062723c751e8b465ee728b)
Start importing Packages/com.unity.ide.vscode/package.json using Guid(ffc6271f08270b64ca0aae9c49235d81) Importer(815301076,1909f56bfc062723c751e8b465ee728b)  -> (artifact id: '5c71ffd639b2cf2a5498daaf09783291') in 0.008142 seconds
  Import took 0.010346 seconds .

========================================================================
Received Import Request.
  Time since last request: 31.789259 seconds.
  path: Assets/script/colourchange.cs
  artifactKey: Guid(6a1e78619a410b14cbe40c9fa1a4e1dc) Importer(815301076,1909f56bfc062723c751e8b465ee728b)
Start importing Assets/script/colourchange.cs using Guid(6a1e78619a410b14cbe40c9fa1a4e1dc) Importer(815301076,1909f56bfc062723c751e8b465ee728b)  -> (artifact id: '3af943370b6515bcab44b8ac4a9688b5') in 0.008524 seconds
  Import took 0.010658 seconds .

========================================================================
Received Prepare
Registering precompiled user dll's ...
Registered in 0.000668 seconds.
Begin MonoManager ReloadAssembly
Native extension for WindowsStandalone target not found
Refreshing native plugins compatible for Editor in 0.34 ms, found 0 plugins.
Preloading 0 native plugins for Editor in 0.00 ms.
Invoked RoslynAnalysisRunner static constructor.
RoslynAnalysisRunner will not be running.
RoslynAnalysisRunner has terminated.
Mono: successfully reloaded assembly
- Completed reload, in  0.825 seconds
Platform modules already initialized, skipping
Refreshing native plugins compatible for Editor in 0.23 ms, found 0 plugins.
Preloading 0 native plugins for Editor in 0.00 ms.
Unloading 1424 Unused Serialized files (Serialized files now loaded: 0)
System memory in use before: 84.5 MB.
System memory in use after: 84.6 MB.

Unloading 61 unused Assets to reduce memory usage. Loaded Objects now: 1919.
Total: 1.751200 ms (FindLiveObjects: 0.148000 ms CreateObjectMapping: 0.046700 ms MarkObjects: 1.485900 ms  DeleteObjects: 0.069800 ms)

========================================================================
Received Import Request.
  Time since last request: 169.421904 seconds.
  path: Assets/script/colourchange.cs
  artifactKey: Guid(6a1e78619a410b14cbe40c9fa1a4e1dc) Importer(815301076,1909f56bfc062723c751e8b465ee728b)
Start importing Assets/script/colourchange.cs using Guid(6a1e78619a410b14cbe40c9fa1a4e1dc) Importer(815301076,1909f56bfc062723c751e8b465ee728b)  -> (artifact id: '98b0e18a7781a65a5c1cc9c242454173') in 0.004719 seconds
  Import took 0.006845 seconds .

========================================================================
Received Prepare
Registering precompiled user dll's ...
Registered in 0.000629 seconds.
Begin MonoManager ReloadAssembly
Native extension for WindowsStandalone target not found
Refreshing native plugins compatible for Editor in 0.23 ms, found 0 plugins.
Preloading 0 native plugins for Editor in 0.00 ms.
Invoked RoslynAnalysisRunner static constructor.
RoslynAnalysisRunner will not be running.
RoslynAnalysisRunner has terminated.
Mono: successfully reloaded assembly
- Completed reload, in  0.761 seconds
Platform modules already initialized, skipping
Refreshing native plugins compatible for Editor in 0.25 ms, found 0 plugins.
Preloading 0 native plugins for Editor in 0.00 ms.
Unloading 1424 Unused Serialized files (Serialized files now loaded: 0)
System memory in use before: 84.2 MB.
System memory in use after: 84.3 MB.

Unloading 61 unused Assets to reduce memory usage. Loaded Objects now: 1921.
Total: 2.371100 ms (FindLiveObjects: 0.157700 ms CreateObjectMapping: 0.058100 ms MarkObjects: 2.007900 ms  DeleteObjects: 0.146800 ms)

========================================================================
Received Prepare
Registering precompiled user dll's ...
Registered in 0.000653 seconds.
Begin MonoManager ReloadAssembly
Native extension for WindowsStandalone target not found
Refreshing native plugins compatible for Editor in 0.24 ms, found 0 plugins.
Preloading 0 native plugins for Editor in 0.00 ms.
Invoked RoslynAnalysisRunner static constructor.
RoslynAnalysisRunner will not be running.
RoslynAnalysisRunner has terminated.
Mono: successfully reloaded assembly
- Completed reload, in  0.747 seconds
Platform modules already initialized, skipping
Refreshing native plugins compatible for Editor in 0.28 ms, found 0 plugins.
Preloading 0 native plugins for Editor in 0.00 ms.
Unloading 1424 Unused Serialized files (Serialized files now loaded: 0)
System memory in use before: 84.5 MB.
System memory in use after: 84.6 MB.

Unloading 61 unused Assets to reduce memory usage. Loaded Objects now: 1923.
Total: 2.152900 ms (FindLiveObjects: 0.162300 ms CreateObjectMapping: 0.057100 ms MarkObjects: 1.848900 ms  DeleteObjects: 0.083800 ms)

========================================================================
Received Prepare
Registering precompiled user dll's ...
Registered in 0.000749 seconds.
Begin MonoManager ReloadAssembly
Native extension for WindowsStandalone target not found
Refreshing native plugins compatible for Editor in 0.23 ms, found 0 plugins.
Preloading 0 native plugins for Editor in 0.00 ms.
Invoked RoslynAnalysisRunner static constructor.
RoslynAnalysisRunner will not be running.
RoslynAnalysisRunner has terminated.
Mono: successfully reloaded assembly
- Completed reload, in  0.777 seconds
Platform modules already initialized, skipping
Refreshing native plugins compatible for Editor in 0.23 ms, found 0 plugins.
Preloading 0 native plugins for Editor in 0.00 ms.
Unloading 1424 Unused Serialized files (Serialized files now loaded: 0)
System memory in use before: 84.5 MB.
System memory in use after: 84.6 MB.

Unloading 61 unused Assets to reduce memory usage. Loaded Objects now: 1925.
Total: 1.919100 ms (FindLiveObjects: 0.179000 ms CreateObjectMapping: 0.046600 ms MarkObjects: 1.621100 ms  DeleteObjects: 0.071200 ms)

========================================================================
Received Import Request.
  Time since last request: 2387.970873 seconds.
  path: Assets/script/colourchange.cs
  artifactKey: Guid(6a1e78619a410b14cbe40c9fa1a4e1dc) Importer(815301076,1909f56bfc062723c751e8b465ee728b)
Start importing Assets/script/colourchange.cs using Guid(6a1e78619a410b14cbe40c9fa1a4e1dc) Importer(815301076,1909f56bfc062723c751e8b465ee728b)  -> (artifact id: 'c0036f97ef06de6d19cad8bbf0d8c9cd') in 0.009631 seconds
  Import took 0.012543 seconds .

========================================================================
Received Prepare
Registering precompiled user dll's ...
Registered in 0.060782 seconds.
Begin MonoManager ReloadAssembly
Native extension for WindowsStandalone target not found
Refreshing native plugins compatible for Editor in 0.27 ms, found 0 plugins.
Preloading 0 native plugins for Editor in 0.00 ms.
Invoked RoslynAnalysisRunner static constructor.
RoslynAnalysisRunner will not be running.
RoslynAnalysisRunner has terminated.
Mono: successfully reloaded assembly
- Completed reload, in  4.430 seconds
Platform modules already initialized, skipping
Refreshing native plugins compatible for Editor in 0.28 ms, found 0 plugins.
Preloading 0 native plugins for Editor in 0.00 ms.
Unloading 1424 Unused Serialized files (Serialized files now loaded: 0)
System memory in use before: 84.5 MB.
System memory in use after: 84.7 MB.

Unloading 61 unused Assets to reduce memory usage. Loaded Objects now: 1927.
Total: 2.163000 ms (FindLiveObjects: 0.187000 ms CreateObjectMapping: 0.044700 ms MarkObjects: 1.738600 ms  DeleteObjects: 0.190900 ms)

========================================================================
Received Prepare
Registering precompiled user dll's ...
Registered in 0.000642 seconds.
Begin MonoManager ReloadAssembly
Native extension for WindowsStandalone target not found
Refreshing native plugins compatible for Editor in 0.25 ms, found 0 plugins.
Preloading 0 native plugins for Editor in 0.00 ms.
Invoked RoslynAnalysisRunner static constructor.
RoslynAnalysisRunner will not be running.
RoslynAnalysisRunner has terminated.
Mono: successfully reloaded assembly
- Completed reload, in  0.859 seconds
Platform modules already initialized, skipping
Refreshing native plugins compatible for Editor in 0.24 ms, found 0 plugins.
Preloading 0 native plugins for Editor in 0.00 ms.
Unloading 1424 Unused Serialized files (Serialized files now loaded: 0)
System memory in use before: 84.5 MB.
System memory in use after: 84.7 MB.

Unloading 61 unused Assets to reduce memory usage. Loaded Objects now: 1929.
Total: 4.006100 ms (FindLiveObjects: 0.514800 ms CreateObjectMapping: 0.372700 ms MarkObjects: 2.985000 ms  DeleteObjects: 0.130900 ms)

========================================================================
Received Import Request.
  Time since last request: 293.642219 seconds.
  path: Assets/script/colourchange.cs
  artifactKey: Guid(6a1e78619a410b14cbe40c9fa1a4e1dc) Importer(815301076,1909f56bfc062723c751e8b465ee728b)
Start importing Assets/script/colourchange.cs using Guid(6a1e78619a410b14cbe40c9fa1a4e1dc) Importer(815301076,1909f56bfc062723c751e8b465ee728b)  -> (artifact id: 'b435fb929d667c531a3520a8339360d6') in 0.008923 seconds
  Import took 0.011483 seconds .

========================================================================
Received Prepare
Registering precompiled user dll's ...
Registered in 0.000626 seconds.
Begin MonoManager ReloadAssembly
Native extension for WindowsStandalone target not found
Refreshing native plugins compatible for Editor in 0.24 ms, found 0 plugins.
Preloading 0 native plugins for Editor in 0.00 ms.
Invoked RoslynAnalysisRunner static constructor.
RoslynAnalysisRunner will not be running.
RoslynAnalysisRunner has terminated.
Mono: successfully reloaded assembly
- Completed reload, in  0.738 seconds
Platform modules already initialized, skipping
Refreshing native plugins compatible for Editor in 0.24 ms, found 0 plugins.
Preloading 0 native plugins for Editor in 0.00 ms.
Unloading 1424 Unused Serialized files (Serialized files now loaded: 0)
System memory in use before: 84.4 MB.
System memory in use after: 84.5 MB.

Unloading 61 unused Assets to reduce memory usage. Loaded Objects now: 1931.
Total: 2.287800 ms (FindLiveObjects: 0.171300 ms CreateObjectMapping: 0.050100 ms MarkObjects: 1.984500 ms  DeleteObjects: 0.080400 ms)

========================================================================
Received Import Request.
  Time since last request: 244.141619 seconds.
  path: Assets/script/Recording (4).m4a
  artifactKey: Guid(28f47d2ed5007824489413e1951b1521) Importer(815301076,1909f56bfc062723c751e8b465ee728b)
Start importing Assets/script/Recording (4).m4a using Guid(28f47d2ed5007824489413e1951b1521) Importer(815301076,1909f56bfc062723c751e8b465ee728b)  -> (artifact id: 'de5d10e127bf9e88329c64c78c6fa4b3') in 0.014008 seconds
  Import took 0.016428 seconds .

========================================================================
Received Prepare
Registering precompiled user dll's ...
Registered in 0.000635 seconds.
Begin MonoManager ReloadAssembly
Native extension for WindowsStandalone target not found
Refreshing native plugins compatible for Editor in 0.23 ms, found 0 plugins.
Preloading 0 native plugins for Editor in 0.00 ms.
Invoked RoslynAnalysisRunner static constructor.
RoslynAnalysisRunner will not be running.
RoslynAnalysisRunner has terminated.
Mono: successfully reloaded assembly
- Completed reload, in  0.800 seconds
Platform modules already initialized, skipping
Refreshing native plugins compatible for Editor in 0.24 ms, found 0 plugins.
Preloading 0 native plugins for Editor in 0.00 ms.
Unloading 1424 Unused Serialized files (Serialized files now loaded: 0)
System memory in use before: 84.6 MB.
System memory in use after: 84.7 MB.

Unloading 61 unused Assets to reduce memory usage. Loaded Objects now: 1933.
Total: 1.835200 ms (FindLiveObjects: 0.198600 ms CreateObjectMapping: 0.045900 ms MarkObjects: 1.518500 ms  DeleteObjects: 0.071400 ms)

========================================================================
Received Prepare
Registering precompiled user dll's ...
Registered in 0.000635 seconds.
Begin MonoManager ReloadAssembly
Native extension for WindowsStandalone target not found
Refreshing native plugins compatible for Editor in 0.23 ms, found 0 plugins.
Preloading 0 native plugins for Editor in 0.00 ms.
Invoked RoslynAnalysisRunner static constructor.
RoslynAnalysisRunner will not be running.
RoslynAnalysisRunner has terminated.
Mono: successfully reloaded assembly
- Completed reload, in  0.772 seconds
Platform modules already initialized, skipping
Refreshing native plugins compatible for Editor in 0.23 ms, found 0 plugins.
Preloading 0 native plugins for Editor in 0.00 ms.
Unloading 1424 Unused Serialized files (Serialized files now loaded: 0)
System memory in use before: 84.6 MB.
System memory in use after: 84.7 MB.

Unloading 61 unused Assets to reduce memory usage. Loaded Objects now: 1935.
Total: 2.164400 ms (FindLiveObjects: 0.162800 ms CreateObjectMapping: 0.055700 ms MarkObjects: 1.867600 ms  DeleteObjects: 0.077100 ms)

========================================================================
Received Prepare
Registering precompiled user dll's ...
Registered in 0.000887 seconds.
Begin MonoManager ReloadAssembly
Native extension for WindowsStandalone target not found
Refreshing native plugins compatible for Editor in 0.24 ms, found 0 plugins.
Preloading 0 native plugins for Editor in 0.00 ms.
Invoked RoslynAnalysisRunner static constructor.
RoslynAnalysisRunner will not be running.
RoslynAnalysisRunner has terminated.
Mono: successfully reloaded assembly
- Completed reload, in  0.815 seconds
Platform modules already initialized, skipping
Refreshing native plugins compatible for Editor in 0.24 ms, found 0 plugins.
Preloading 0 native plugins for Editor in 0.00 ms.
Unloading 1424 Unused Serialized files (Serialized files now loaded: 0)
System memory in use before: 84.3 MB.
System memory in use after: 84.4 MB.

Unloading 61 unused Assets to reduce memory usage. Loaded Objects now: 1937.
Total: 2.949000 ms (FindLiveObjects: 0.232300 ms CreateObjectMapping: 0.072700 ms MarkObjects: 2.458100 ms  DeleteObjects: 0.183700 ms)

========================================================================
Received Prepare
Registering precompiled user dll's ...
Registered in 0.000629 seconds.
Begin MonoManager ReloadAssembly
Native extension for WindowsStandalone target not found
Refreshing native plugins compatible for Editor in 0.24 ms, found 0 plugins.
Preloading 0 native plugins for Editor in 0.00 ms.
Invoked RoslynAnalysisRunner static constructor.
RoslynAnalysisRunner will not be running.
RoslynAnalysisRunner has terminated.
Mono: successfully reloaded assembly
- Completed reload, in  0.780 seconds
Platform modules already initialized, skipping
Refreshing native plugins compatible for Editor in 0.32 ms, found 0 plugins.
Preloading 0 native plugins for Editor in 0.00 ms.
Unloading 1424 Unused Serialized files (Serialized files now loaded: 0)
System memory in use before: 84.6 MB.
System memory in use after: 84.7 MB.

Unloading 61 unused Assets to reduce memory usage. Loaded Objects now: 1939.
Total: 2.535300 ms (FindLiveObjects: 0.246700 ms CreateObjectMapping: 0.081100 ms MarkObjects: 2.130500 ms  DeleteObjects: 0.075600 ms)

========================================================================
Received Prepare
Registering precompiled user dll's ...
Registered in 0.000755 seconds.
Begin MonoManager ReloadAssembly
Native extension for WindowsStandalone target not found
Refreshing native plugins compatible for Editor in 0.23 ms, found 0 plugins.
Preloading 0 native plugins for Editor in 0.00 ms.
Invoked RoslynAnalysisRunner static constructor.
RoslynAnalysisRunner will not be running.
RoslynAnalysisRunner has terminated.
Mono: successfully reloaded assembly
- Completed reload, in  0.744 seconds
Platform modules already initialized, skipping
Refreshing native plugins compatible for Editor in 0.23 ms, found 0 plugins.
Preloading 0 native plugins for Editor in 0.00 ms.
Unloading 1424 Unused Serialized files (Serialized files now loaded: 0)
System memory in use before: 84.6 MB.
System memory in use after: 84.7 MB.

Unloading 61 unused Assets to reduce memory usage. Loaded Objects now: 1941.
Total: 2.276000 ms (FindLiveObjects: 0.182600 ms CreateObjectMapping: 0.038500 ms MarkObjects: 1.984300 ms  DeleteObjects: 0.069900 ms)

AssetImportWorkerClient::OnTransportError - code=2 error=End of file
